 <<< Combine >>> 
Will use a-priori expected background instead of a-posteriori one.
>>> method used is AsymptoticLimits
>>> random number generator seed is 123456
Object rfv_TOPE_tt1_resolved is duplicated
Object TF1TOPE_tt_resolved is duplicated
Object rfv_TOPE_tt2_resolved is duplicated
Object TF2TOPE_tt_resolved is duplicated
Object rfv_TOPE_tt3_resolved is duplicated
Object TF3TOPE_tt_resolved is duplicated
Object rfv_TOPE_tt4_resolved is duplicated
Object TF4TOPE_tt_resolved is duplicated
Object rfv_TOPMU_tt1_resolved is duplicated
Object TF1TOPMU_tt_resolved is duplicated
Object rfv_TOPMU_tt2_resolved is duplicated
Object TF2TOPMU_tt_resolved is duplicated
Object rfv_TOPMU_tt3_resolved is duplicated
Object TF3TOPMU_tt_resolved is duplicated
Object rfv_TOPMU_tt4_resolved is duplicated
Object TF4TOPMU_tt_resolved is duplicated
Object rfv_WE_wjets1_resolved is duplicated
Object TF1WE_wjets_resolved is duplicated
Object rfv_WE_wjets2_resolved is duplicated
Object TF2WE_wjets_resolved is duplicated
Object rfv_WE_wjets3_resolved is duplicated
Object TF3WE_wjets_resolved is duplicated
Object rfv_WE_wjets4_resolved is duplicated
Object TF4WE_wjets_resolved is duplicated
Object rfv_WMU_wjets1_resolved is duplicated
Object TF1WMU_wjets_resolved is duplicated
Object rfv_WMU_wjets2_resolved is duplicated
Object TF2WMU_wjets_resolved is duplicated
Object rfv_WMU_wjets3_resolved is duplicated
Object TF3WMU_wjets_resolved is duplicated
Object rfv_WMU_wjets4_resolved is duplicated
Object TF4WMU_wjets_resolved is duplicated
Object rfv_ZEE_dyjets1_resolved is duplicated
Object TF1ZEE_dyjets_resolved is duplicated
Object rfv_ZEE_dyjets2_resolved is duplicated
Object TF2ZEE_dyjets_resolved is duplicated
Object rfv_ZEE_dyjets3_resolved is duplicated
Object TF3ZEE_dyjets_resolved is duplicated
Object rfv_ZEE_dyjets4_resolved is duplicated
Object TF4ZEE_dyjets_resolved is duplicated
Object rfv_ZMUMU_dyjets1_resolved is duplicated
Object TF1ZMUMU_dyjets_resolved is duplicated
Object rfv_ZMUMU_dyjets2_resolved is duplicated
Object TF2ZMUMU_dyjets_resolved is duplicated
Object rfv_ZMUMU_dyjets3_resolved is duplicated
Object TF3ZMUMU_dyjets_resolved is duplicated
Object rfv_ZMUMU_dyjets4_resolved is duplicated
Object TF4ZMUMU_dyjets_resolved is duplicated

 -- AsymptoticLimits ( CLs ) --
Observed Limit: r < 0.2165
Expected  2.5%: r < 0.3582
Expected 16.0%: r < 0.4724
Expected 50.0%: r < 0.6504
Expected 84.0%: r < 0.9070
Expected 97.5%: r < 1.2207

Done in 0.03 min (cpu), 0.03 min (real)
